ERROR - 2025-10-21 08:31:43 --> Error connecting to the database: mysqli_sql_exception: Unknown character set: 'utf8mb4' in C:\laragon\www\mandah-pelaminan\system\Database\MySQLi\Connection.php:225
Stack trace:
#0 C:\laragon\www\mandah-pelaminan\system\Database\MySQLi\Connection.php(225): mysqli->set_charset('utf8mb4')
#1 C:\laragon\www\mandah-pelaminan\system\Database\BaseConnection.php(419): CodeIgniter\Database\MySQLi\Connection->connect(false)
#2 C:\laragon\www\mandah-pelaminan\system\Database\BaseConnection.php(614): CodeIgniter\Database\BaseConnection->initialize()
#3 C:\laragon\www\mandah-pelaminan\system\Database\BaseConnection.php(1525): CodeIgniter\Database\BaseConnection->query('SHOW TABLES FRO...')
#4 C:\laragon\www\mandah-pelaminan\system\Database\BaseConnection.php(1545): CodeIgniter\Database\BaseConnection->listTables()
#5 C:\laragon\www\mandah-pelaminan\system\Database\MigrationRunner.php(768): CodeIgniter\Database\BaseConnection->tableExists('migrations')
#6 C:\laragon\www\mandah-pelaminan\system\Database\MigrationRunner.php(162): CodeIgniter\Database\MigrationRunner->ensureTable()
#7 C:\laragon\www\mandah-pelaminan\system\Commands\Database\Migrate.php(85): CodeIgniter\Database\MigrationRunner->latest(NULL)
#8 C:\laragon\www\mandah-pelaminan\system\CLI\Commands.php(74): CodeIgniter\Commands\Database\Migrate->run(Array)
#9 C:\laragon\www\mandah-pelaminan\system\CLI\Console.php(47): CodeIgniter\CLI\Commands->run('migrate', Array)
#10 C:\laragon\www\mandah-pelaminan\system\Boot.php(388): CodeIgniter\CLI\Console->run()
#11 C:\laragon\www\mandah-pelaminan\system\Boot.php(133): CodeIgniter\Boot::runCommand(Object(CodeIgniter\CLI\Console))
#12 C:\laragon\www\mandah-pelaminan\spark(87): CodeIgniter\Boot::bootSpark(Object(Config\Paths))
#13 {main}

Next CodeIgniter\Database\Exceptions\DatabaseException: Unknown character set: 'utf8mb4' in C:\laragon\www\mandah-pelaminan\system\Database\MySQLi\Connection.php:246
Stack trace:
#0 C:\laragon\www\mandah-pelaminan\system\Database\BaseConnection.php(419): CodeIgniter\Database\MySQLi\Connection->connect(false)
#1 C:\laragon\www\mandah-pelaminan\system\Database\BaseConnection.php(614): CodeIgniter\Database\BaseConnection->initialize()
#2 C:\laragon\www\mandah-pelaminan\system\Database\BaseConnection.php(1525): CodeIgniter\Database\BaseConnection->query('SHOW TABLES FRO...')
#3 C:\laragon\www\mandah-pelaminan\system\Database\BaseConnection.php(1545): CodeIgniter\Database\BaseConnection->listTables()
#4 C:\laragon\www\mandah-pelaminan\system\Database\MigrationRunner.php(768): CodeIgniter\Database\BaseConnection->tableExists('migrations')
#5 C:\laragon\www\mandah-pelaminan\system\Database\MigrationRunner.php(162): CodeIgniter\Database\MigrationRunner->ensureTable()
#6 C:\laragon\www\mandah-pelaminan\system\Commands\Database\Migrate.php(85): CodeIgniter\Database\MigrationRunner->latest(NULL)
#7 C:\laragon\www\mandah-pelaminan\system\CLI\Commands.php(74): CodeIgniter\Commands\Database\Migrate->run(Array)
#8 C:\laragon\www\mandah-pelaminan\system\CLI\Console.php(47): CodeIgniter\CLI\Commands->run('migrate', Array)
#9 C:\laragon\www\mandah-pelaminan\system\Boot.php(388): CodeIgniter\CLI\Console->run()
#10 C:\laragon\www\mandah-pelaminan\system\Boot.php(133): CodeIgniter\Boot::runCommand(Object(CodeIgniter\CLI\Console))
#11 C:\laragon\www\mandah-pelaminan\spark(87): CodeIgniter\Boot::bootSpark(Object(Config\Paths))
#12 {main}
